# JRE version: Java(TM) SE Runtime Environment (8.0_72-b15) (build 1.8.0_72-b15)
# Java VM: Java HotSpot(TM) 64-Bit Server VM (25.72-b15 mixed mode windows-amd64 compressed oops)
Heap:
 PSYoungGen      total 452608K, used 10612K [0x00000000e0000000, 0x00000000ffb00000, 0x0000000100000000)
  eden space 392192K, 0% used [0x00000000e0000000,0x00000000e0000000,0x00000000f7f00000)
  from space 60416K, 17% used [0x00000000fc000000,0x00000000fca5d378,0x00000000ffb00000)
  to   space 63488K, 0% used [0x00000000f7f00000,0x00000000f7f00000,0x00000000fbd00000)
 ParOldGen       total 211968K, used 189346K [0x00000000a0000000, 0x00000000acf00000, 0x00000000e0000000)
  object space 211968K, 89% used [0x00000000a0000000,0x00000000ab8e89c8,0x00000000acf00000)
 Metaspace       used 110907K, capacity 115608K, committed 115840K, reserved 1148928K
  class space    used 14461K, capacity 15385K, committed 15488K, reserved 1048576K
GC Heap History (10 events):
Event: 241.221 GC heap after
Heap after GC invocations=26 (full 4):
 PSYoungGen      total 408064K, used 34814K [0x00000000e0000000, 0x0000000100000000, 0x0000000100000000)
  eden space 373248K, 0% used [0x00000000e0000000,0x00000000e0000000,0x00000000f6c80000)
  from space 34816K, 99% used [0x00000000fa200000,0x00000000fc3ff970,0x00000000fc400000)
  to   space 54784K, 0% used [0x00000000f6c80000,0x00000000f6c80000,0x00000000fa200000)
 ParOldGen       total 211968K, used 126138K [0x00000000a0000000, 0x00000000acf00000, 0x00000000e0000000)
  object space 211968K, 59% used [0x00000000a0000000,0x00000000a7b2eb20,0x00000000acf00000)
 Metaspace       used 107593K, capacity 111754K, committed 111872K, reserved 1146880K
  class space    used 14139K, capacity 15024K, committed 15104K, reserved 1048576K
}
Event: 243.384 GC heap before
{Heap before GC invocations=27 (full 4):
 PSYoungGen      total 408064K, used 408062K [0x00000000e0000000, 0x0000000100000000, 0x0000000100000000)
  eden space 373248K, 100% used [0x00000000e0000000,0x00000000f6c80000,0x00000000f6c80000)
  from space 34816K, 99% used [0x00000000fa200000,0x00000000fc3ff970,0x00000000fc400000)
  to   space 54784K, 0% used [0x00000000f6c80000,0x00000000f6c80000,0x00000000fa200000)
 ParOldGen       total 211968K, used 126138K [0x00000000a0000000, 0x00000000acf00000, 0x00000000e0000000)
  object space 211968K, 59% used [0x00000000a0000000,0x00000000a7b2eb20,0x00000000acf00000)
 Metaspace       used 109151K, capacity 113430K, committed 113536K, reserved 1146880K
  class space    used 14269K, capacity 15174K, committed 15232K, reserved 1048576K
Event: 243.464 GC heap after
Heap after GC invocations=27 (full 4):
 PSYoungGen      total 428032K, used 51225K [0x00000000e0000000, 0x0000000100000000, 0x0000000100000000)
  eden space 373248K, 0% used [0x00000000e0000000,0x00000000e0000000,0x00000000f6c80000)
  from space 54784K, 93% used [0x00000000f6c80000,0x00000000f9e86408,0x00000000fa200000)
  to   space 62464K, 0% used [0x00000000fc300000,0x00000000fc300000,0x0000000100000000)
 ParOldGen       total 211968K, used 126146K [0x00000000a0000000, 0x00000000acf00000, 0x00000000e0000000)
  object space 211968K, 59% used [0x00000000a0000000,0x00000000a7b30b20,0x00000000acf00000)
 Metaspace       used 109151K, capacity 113430K, committed 113536K, reserved 1146880K
  class space    used 14269K, capacity 15174K, committed 15232K, reserved 1048576K
}
Event: 244.825 GC heap before
{Heap before GC invocations=28 (full 4):
 PSYoungGen      total 428032K, used 424473K [0x00000000e0000000, 0x0000000100000000, 0x0000000100000000)
  eden space 373248K, 100% used [0x00000000e0000000,0x00000000f6c80000,0x00000000f6c80000)
  from space 54784K, 93% used [0x00000000f6c80000,0x00000000f9e86408,0x00000000fa200000)
  to   space 62464K, 0% used [0x00000000fc300000,0x00000000fc300000,0x0000000100000000)
 ParOldGen       total 211968K, used 126146K [0x00000000a0000000, 0x00000000acf00000, 0x00000000e0000000)
  object space 211968K, 59% used [0x00000000a0000000,0x00000000a7b30b20,0x00000000acf00000)
 Metaspace       used 110601K, capacity 115238K, committed 115584K, reserved 1148928K
  class space    used 14455K, capacity 15378K, committed 15488K, reserved 1048576K
Event: 245.002 GC heap after
Heap after GC invocations=28 (full 4):
 PSYoungGen      total 451584K, used 48598K [0x00000000e0000000, 0x0000000100000000, 0x0000000100000000)
  eden space 389120K, 0% used [0x00000000e0000000,0x00000000e0000000,0x00000000f7c00000)
  from space 62464K, 77% used [0x00000000fc300000,0x00000000ff275bc0,0x0000000100000000)
  to   space 67584K, 0% used [0x00000000f7c00000,0x00000000f7c00000,0x00000000fbe00000)
 ParOldGen       total 211968K, used 139634K [0x00000000a0000000, 0x00000000acf00000, 0x00000000e0000000)
  object space 211968K, 65% used [0x00000000a0000000,0x00000000a885caa0,0x00000000acf00000)
 Metaspace       used 110601K, capacity 115238K, committed 115584K, reserved 1148928K
  class space    used 14455K, capacity 15378K, committed 15488K, reserved 1048576K
}
Event: 245.847 GC heap before
{Heap before GC invocations=29 (full 4):
 PSYoungGen      total 451584K, used 437718K [0x00000000e0000000, 0x0000000100000000, 0x0000000100000000)
  eden space 389120K, 100% used [0x00000000e0000000,0x00000000f7c00000,0x00000000f7c00000)
  from space 62464K, 77% used [0x00000000fc300000,0x00000000ff275bc0,0x0000000100000000)
  to   space 67584K, 0% used [0x00000000f7c00000,0x00000000f7c00000,0x00000000fbe00000)
 ParOldGen       total 211968K, used 139634K [0x00000000a0000000, 0x00000000acf00000, 0x00000000e0000000)
  object space 211968K, 65% used [0x00000000a0000000,0x00000000a885caa0,0x00000000acf00000)
 Metaspace       used 110716K, capacity 115334K, committed 115584K, reserved 1148928K
  class space    used 14458K, capacity 15384K, committed 15488K, reserved 1048576K
Event: 245.993 GC heap after
Heap after GC invocations=29 (full 4):
 PSYoungGen      total 456704K, used 21297K [0x00000000e0000000, 0x00000000fff00000, 0x0000000100000000)
  eden space 389120K, 0% used [0x00000000e0000000,0x00000000e0000000,0x00000000f7c00000)
  from space 67584K, 31% used [0x00000000f7c00000,0x00000000f90cc770,0x00000000fbe00000)
  to   space 64512K, 0% used [0x00000000fc000000,0x00000000fc000000,0x00000000fff00000)
 ParOldGen       total 211968K, used 172343K [0x00000000a0000000, 0x00000000acf00000, 0x00000000e0000000)
  object space 211968K, 81% used [0x00000000a0000000,0x00000000aa84dc38,0x00000000acf00000)
 Metaspace       used 110716K, capacity 115334K, committed 115584K, reserved 1148928K
  class space    used 14458K, capacity 15384K, committed 15488K, reserved 1048576K
}
Event: 246.929 GC heap before
{Heap before GC invocations=30 (full 4):
 PSYoungGen      total 456704K, used 410417K [0x00000000e0000000, 0x00000000fff00000, 0x0000000100000000)
  eden space 389120K, 100% used [0x00000000e0000000,0x00000000f7c00000,0x00000000f7c00000)
  from space 67584K, 31% used [0x00000000f7c00000,0x00000000f90cc770,0x00000000fbe00000)
  to   space 64512K, 0% used [0x00000000fc000000,0x00000000fc000000,0x00000000fff00000)
 ParOldGen       total 211968K, used 172343K [0x00000000a0000000, 0x00000000acf00000, 0x00000000e0000000)
  object space 211968K, 81% used [0x00000000a0000000,0x00000000aa84dc38,0x00000000acf00000)
 Metaspace       used 110907K, capacity 115608K, committed 115840K, reserved 1148928K
  class space    used 14461K, capacity 15385K, committed 15488K, reserved 1048576K
Event: 247.037 GC heap after
Heap after GC invocations=30 (full 4):
 PSYoungGen      total 452608K, used 10612K [0x00000000e0000000, 0x00000000ffb00000, 0x0000000100000000)
  eden space 392192K, 0% used [0x00000000e0000000,0x00000000e0000000,0x00000000f7f00000)
  from space 60416K, 17% used [0x00000000fc000000,0x00000000fca5d378,0x00000000ffb00000)
  to   space 63488K, 0% used [0x00000000f7f00000,0x00000000f7f00000,0x00000000fbd00000)
 ParOldGen       total 211968K, used 189346K [0x00000000a0000000, 0x00000000acf00000, 0x00000000e0000000)
  object space 211968K, 89% used [0x00000000a0000000,0x00000000ab8e89c8,0x00000000acf00000)
 Metaspace       used 110907K, capacity 115608K, committed 115840K, reserved 1148928K
  class space    used 14461K, capacity 15385K, committed 15488K, reserved 1048576K
}
Event: 247.037 GC heap before
{Heap before GC invocations=31 (full 5):
 PSYoungGen      total 452608K, used 10612K [0x00000000e0000000, 0x00000000ffb00000, 0x0000000100000000)
  eden space 392192K, 0% used [0x00000000e0000000,0x00000000e0000000,0x00000000f7f00000)
  from space 60416K, 17% used [0x00000000fc000000,0x00000000fca5d378,0x00000000ffb00000)
  to   space 63488K, 0% used [0x00000000f7f00000,0x00000000f7f00000,0x00000000fbd00000)
 ParOldGen       total 211968K, used 189346K [0x00000000a0000000, 0x00000000acf00000, 0x00000000e0000000)
  object space 211968K, 89% used [0x00000000a0000000,0x00000000ab8e89c8,0x00000000acf00000)
 Metaspace       used 110907K, capacity 115608K, committed 115840K, reserved 1148928K
  class space    used 14461K, capacity 15385K, committed 15488K, reserved 1048576K

