# JRE version: Java(TM) SE Runtime Environment (8.0_72-b15) (build 1.8.0_72-b15)
# Java VM: Java HotSpot(TM) 64-Bit Server VM (25.72-b15 mixed mode windows-amd64 compressed oops)
Heap:
 PSYoungGen      total 487424K, used 475055K [0x00000000e0000000, 0x0000000100000000, 0x0000000100000000)
  eden space 453632K, 100% used [0x00000000e0000000,0x00000000fbb00000,0x00000000fbb00000)
  from space 33792K, 63% used [0x00000000fbb00000,0x00000000fcfebdf8,0x00000000fdc00000)
  to   space 34304K, 37% used [0x00000000fde80000,0x00000000feae73b0,0x0000000100000000)
 ParOldGen       total 995328K, used 909764K [0x00000000a0000000, 0x00000000dcc00000, 0x00000000e0000000)
  object space 995328K, 91% used [0x00000000a0000000,0x00000000d7871210,0x00000000dcc00000)
 Metaspace       used 95643K, capacity 98670K, committed 99968K, reserved 1136640K
  class space    used 12442K, capacity 13086K, committed 13440K, reserved 1048576K
GC Heap History (10 events):
Event: 8365.669 GC heap after
Heap after GC invocations=36 (full 5):
 PSYoungGen      total 423424K, used 13573K [0x00000000e0000000, 0x00000000ffe00000, 0x0000000100000000)
  eden space 386048K, 0% used [0x00000000e0000000,0x00000000e0000000,0x00000000f7900000)
  from space 37376K, 36% used [0x00000000f7900000,0x00000000f8641768,0x00000000f9d80000)
  to   space 36352K, 0% used [0x00000000fda80000,0x00000000fda80000,0x00000000ffe00000)
 ParOldGen       total 256512K, used 118512K [0x00000000a0000000, 0x00000000afa80000, 0x00000000e0000000)
  object space 256512K, 46% used [0x00000000a0000000,0x00000000a73bc3a8,0x00000000afa80000)
 Metaspace       used 95266K, capacity 98282K, committed 99712K, reserved 1136640K
  class space    used 12419K, capacity 13050K, committed 13440K, reserved 1048576K
}
Event: 8366.541 GC heap before
{Heap before GC invocations=37 (full 5):
 PSYoungGen      total 423424K, used 399621K [0x00000000e0000000, 0x00000000ffe00000, 0x0000000100000000)
  eden space 386048K, 100% used [0x00000000e0000000,0x00000000f7900000,0x00000000f7900000)
  from space 37376K, 36% used [0x00000000f7900000,0x00000000f8641768,0x00000000f9d80000)
  to   space 36352K, 0% used [0x00000000fda80000,0x00000000fda80000,0x00000000ffe00000)
 ParOldGen       total 256512K, used 118512K [0x00000000a0000000, 0x00000000afa80000, 0x00000000e0000000)
  object space 256512K, 46% used [0x00000000a0000000,0x00000000a73bc3a8,0x00000000afa80000)
 Metaspace       used 95476K, capacity 98526K, committed 99968K, reserved 1136640K
  class space    used 12440K, capacity 13086K, committed 13440K, reserved 1048576K
Event: 8366.578 GC heap after
Heap after GC invocations=37 (full 5):
 PSYoungGen      total 485888K, used 15538K [0x00000000e0000000, 0x00000000ffd00000, 0x0000000100000000)
  eden space 450560K, 0% used [0x00000000e0000000,0x00000000e0000000,0x00000000fb800000)
  from space 35328K, 43% used [0x00000000fda80000,0x00000000fe9aca40,0x00000000ffd00000)
  to   space 35328K, 0% used [0x00000000fb800000,0x00000000fb800000,0x00000000fda80000)
 ParOldGen       total 256512K, used 129172K [0x00000000a0000000, 0x00000000afa80000, 0x00000000e0000000)
  object space 256512K, 50% used [0x00000000a0000000,0x00000000a7e250e8,0x00000000afa80000)
 Metaspace       used 95476K, capacity 98526K, committed 99968K, reserved 1136640K
  class space    used 12440K, capacity 13086K, committed 13440K, reserved 1048576K
}
Event: 8367.689 GC heap before
{Heap before GC invocations=38 (full 5):
 PSYoungGen      total 485888K, used 466098K [0x00000000e0000000, 0x00000000ffd00000, 0x0000000100000000)
  eden space 450560K, 100% used [0x00000000e0000000,0x00000000fb800000,0x00000000fb800000)
  from space 35328K, 43% used [0x00000000fda80000,0x00000000fe9aca40,0x00000000ffd00000)
  to   space 35328K, 0% used [0x00000000fb800000,0x00000000fb800000,0x00000000fda80000)
 ParOldGen       total 256512K, used 129172K [0x00000000a0000000, 0x00000000afa80000, 0x00000000e0000000)
  object space 256512K, 50% used [0x00000000a0000000,0x00000000a7e250e8,0x00000000afa80000)
 Metaspace       used 95596K, capacity 98598K, committed 99968K, reserved 1136640K
  class space    used 12441K, capacity 13086K, committed 13440K, reserved 1048576K
Event: 8367.761 GC heap after
Heap after GC invocations=38 (full 5):
 PSYoungGen      total 485888K, used 7500K [0x00000000e0000000, 0x0000000100000000, 0x0000000100000000)
  eden space 450560K, 0% used [0x00000000e0000000,0x00000000e0000000,0x00000000fb800000)
  from space 35328K, 21% used [0x00000000fb800000,0x00000000fbf532d0,0x00000000fda80000)
  to   space 35328K, 0% used [0x00000000fdd80000,0x00000000fdd80000,0x0000000100000000)
 ParOldGen       total 256512K, used 140649K [0x00000000a0000000, 0x00000000afa80000, 0x00000000e0000000)
  object space 256512K, 54% used [0x00000000a0000000,0x00000000a895a5e8,0x00000000afa80000)
 Metaspace       used 95596K, capacity 98598K, committed 99968K, reserved 1136640K
  class space    used 12441K, capacity 13086K, committed 13440K, reserved 1048576K
}
Event: 8368.691 GC heap before
{Heap before GC invocations=39 (full 5):
 PSYoungGen      total 485888K, used 458060K [0x00000000e0000000, 0x0000000100000000, 0x0000000100000000)
  eden space 450560K, 100% used [0x00000000e0000000,0x00000000fb800000,0x00000000fb800000)
  from space 35328K, 21% used [0x00000000fb800000,0x00000000fbf532d0,0x00000000fda80000)
  to   space 35328K, 0% used [0x00000000fdd80000,0x00000000fdd80000,0x0000000100000000)
 ParOldGen       total 256512K, used 140649K [0x00000000a0000000, 0x00000000afa80000, 0x00000000e0000000)
  object space 256512K, 54% used [0x00000000a0000000,0x00000000a895a5e8,0x00000000afa80000)
 Metaspace       used 95613K, capacity 98598K, committed 99968K, reserved 1136640K
  class space    used 12442K, capacity 13086K, committed 13440K, reserved 1048576K
Event: 8368.747 GC heap after
Heap after GC invocations=39 (full 5):
 PSYoungGen      total 485888K, used 13244K [0x00000000e0000000, 0x00000000ffd00000, 0x0000000100000000)
  eden space 453632K, 0% used [0x00000000e0000000,0x00000000e0000000,0x00000000fbb00000)
  from space 32256K, 41% used [0x00000000fdd80000,0x00000000fea6f168,0x00000000ffd00000)
  to   space 33792K, 0% used [0x00000000fbb00000,0x00000000fbb00000,0x00000000fdc00000)
 ParOldGen       total 256512K, used 146027K [0x00000000a0000000, 0x00000000afa80000, 0x00000000e0000000)
  object space 256512K, 56% used [0x00000000a0000000,0x00000000a8e9aff8,0x00000000afa80000)
 Metaspace       used 95613K, capacity 98598K, committed 99968K, reserved 1136640K
  class space    used 12442K, capacity 13086K, committed 13440K, reserved 1048576K
}
Event: 8369.724 GC heap before
{Heap before GC invocations=40 (full 5):
 PSYoungGen      total 485888K, used 466876K [0x00000000e0000000, 0x00000000ffd00000, 0x0000000100000000)
  eden space 453632K, 100% used [0x00000000e0000000,0x00000000fbb00000,0x00000000fbb00000)
  from space 32256K, 41% used [0x00000000fdd80000,0x00000000fea6f168,0x00000000ffd00000)
  to   space 33792K, 0% used [0x00000000fbb00000,0x00000000fbb00000,0x00000000fdc00000)
 ParOldGen       total 256512K, used 146027K [0x00000000a0000000, 0x00000000afa80000, 0x00000000e0000000)
  object space 256512K, 56% used [0x00000000a0000000,0x00000000a8e9aff8,0x00000000afa80000)
 Metaspace       used 95628K, capacity 98666K, committed 99968K, reserved 1136640K
  class space    used 12442K, capacity 13086K, committed 13440K, reserved 1048576K
Event: 8369.781 GC heap after
Heap after GC invocations=40 (full 5):
 PSYoungGen      total 487424K, used 21423K [0x00000000e0000000, 0x0000000100000000, 0x0000000100000000)
  eden space 453632K, 0% used [0x00000000e0000000,0x00000000e0000000,0x00000000fbb00000)
  from space 33792K, 63% used [0x00000000fbb00000,0x00000000fcfebdf8,0x00000000fdc00000)
  to   space 34304K, 0% used [0x00000000fde80000,0x00000000fde80000,0x0000000100000000)
 ParOldGen       total 256512K, used 153667K [0x00000000a0000000, 0x00000000afa80000, 0x00000000e0000000)
  object space 256512K, 59% used [0x00000000a0000000,0x00000000a9610dc0,0x00000000afa80000)
 Metaspace       used 95628K, capacity 98666K, committed 99968K, reserved 1136640K
  class space    used 12442K, capacity 13086K, committed 13440K, reserved 1048576K
}
Event: 8370.984 GC heap before
{Heap before GC invocations=41 (full 5):
 PSYoungGen      total 487424K, used 475055K [0x00000000e0000000, 0x0000000100000000, 0x0000000100000000)
  eden space 453632K, 100% used [0x00000000e0000000,0x00000000fbb00000,0x00000000fbb00000)
  from space 33792K, 63% used [0x00000000fbb00000,0x00000000fcfebdf8,0x00000000fdc00000)
  to   space 34304K, 0% used [0x00000000fde80000,0x00000000fde80000,0x0000000100000000)
 ParOldGen       total 256512K, used 153667K [0x00000000a0000000, 0x00000000afa80000, 0x00000000e0000000)
  object space 256512K, 59% used [0x00000000a0000000,0x00000000a9610dc0,0x00000000afa80000)
 Metaspace       used 95643K, capacity 98670K, committed 99968K, reserved 1136640K
  class space    used 12442K, capacity 13086K, committed 13440K, reserved 1048576K

